# JRE version: OpenJDK Runtime Environment Temurin-21.0.9+10 (21.0.9+10) (build 21.0.9+10-LTS)
# Java VM: OpenJDK 64-Bit Server VM Temurin-21.0.9+10 (21.0.9+10-LTS, mixed mode, sharing, tiered, compressed oops, compressed class ptrs, parallel gc, windows-amd64)
GC Precious Log:
 CardTable entry size: 512
 CPUs: 16 total, 16 available
 Memory: 16202M
 Large Page Support: Disabled
 NUMA Support: Disabled
 Compressed Oops: Enabled (32-bit)
 Alignments: Space 512K, Generation 512K, Heap 2M
 Heap Min Capacity: 100M
 Heap Initial Capacity: 100M
 Heap Max Capacity: 2G
 Pre-touch: Disabled
 Parallel Workers: 13
Heap:
 PSYoungGen      total 21504K, used 1905K [0x00000000d5580000, 0x00000000d6b80000, 0x0000000100000000)
  eden space 20480K, 5% used [0x00000000d5580000,0x00000000d56ab538,0x00000000d6980000)
  from space 1024K, 69% used [0x00000000d6a80000,0x00000000d6b31260,0x00000000d6b80000)
  to   space 1024K, 0% used [0x00000000d6980000,0x00000000d6980000,0x00000000d6a80000)
 ParOldGen       total 68608K, used 61296K [0x0000000080000000, 0x0000000084300000, 0x00000000d5580000)
  object space 68608K, 89% used [0x0000000080000000,0x0000000083bdc270,0x0000000084300000)
 Metaspace       used 53068K, committed 54336K, reserved 1114112K
  class space    used 5629K, committed 6208K, reserved 1048576K
GC Heap History (20 events):
Event: 31.756 GC heap before
{Heap before GC invocations=34 (full 2):
 PSYoungGen      total 23552K, used 23040K [0x00000000d5580000, 0x00000000d6f00000, 0x0000000100000000)
  eden space 20992K, 100% used [0x00000000d5580000,0x00000000d6a00000,0x00000000d6a00000)
  from space 2560K, 80% used [0x00000000d6a00000,0x00000000d6c00000,0x00000000d6c80000)
  to   space 2560K, 0% used [0x00000000d6c80000,0x00000000d6c80000,0x00000000d6f00000)
 ParOldGen       total 68608K, used 53708K [0x0000000080000000, 0x0000000084300000, 0x00000000d5580000)
  object space 68608K, 78% used [0x0000000080000000,0x00000000834732c0,0x0000000084300000)
 Metaspace       used 51446K, committed 52736K, reserved 1114112K
  class space    used 5486K, committed 6016K, reserved 1048576K
}
Event: 31.759 GC heap after
{Heap after GC invocations=34 (full 2):
 PSYoungGen      total 22528K, used 1440K [0x00000000d5580000, 0x00000000d6e00000, 0x0000000100000000)
  eden space 20992K, 0% used [0x00000000d5580000,0x00000000d5580000,0x00000000d6a00000)
  from space 1536K, 93% used [0x00000000d6c80000,0x00000000d6de8000,0x00000000d6e00000)
  to   space 2048K, 0% used [0x00000000d6a00000,0x00000000d6a00000,0x00000000d6c00000)
 ParOldGen       total 68608K, used 55195K [0x0000000080000000, 0x0000000084300000, 0x00000000d5580000)
  object space 68608K, 80% used [0x0000000080000000,0x00000000835e6fd0,0x0000000084300000)
 Metaspace       used 51446K, committed 52736K, reserved 1114112K
  class space    used 5486K, committed 6016K, reserved 1048576K
}
Event: 33.991 GC heap before
{Heap before GC invocations=35 (full 2):
 PSYoungGen      total 22528K, used 22432K [0x00000000d5580000, 0x00000000d6e00000, 0x0000000100000000)
  eden space 20992K, 100% used [0x00000000d5580000,0x00000000d6a00000,0x00000000d6a00000)
  from space 1536K, 93% used [0x00000000d6c80000,0x00000000d6de8000,0x00000000d6e00000)
  to   space 2048K, 0% used [0x00000000d6a00000,0x00000000d6a00000,0x00000000d6c00000)
 ParOldGen       total 68608K, used 55195K [0x0000000080000000, 0x0000000084300000, 0x00000000d5580000)
  object space 68608K, 80% used [0x0000000080000000,0x00000000835e6fd0,0x0000000084300000)
 Metaspace       used 52195K, committed 53440K, reserved 1114112K
  class space    used 5536K, committed 6080K, reserved 1048576K
}
Event: 33.993 GC heap after
{Heap after GC invocations=35 (full 2):
 PSYoungGen      total 22528K, used 1408K [0x00000000d5580000, 0x00000000d6d00000, 0x0000000100000000)
  eden space 20992K, 0% used [0x00000000d5580000,0x00000000d5580000,0x00000000d6a00000)
  from space 1536K, 91% used [0x00000000d6a00000,0x00000000d6b60000,0x00000000d6b80000)
  to   space 1536K, 0% used [0x00000000d6b80000,0x00000000d6b80000,0x00000000d6d00000)
 ParOldGen       total 68608K, used 56363K [0x0000000080000000, 0x0000000084300000, 0x00000000d5580000)
  object space 68608K, 82% used [0x0000000080000000,0x000000008370afd0,0x0000000084300000)
 Metaspace       used 52195K, committed 53440K, reserved 1114112K
  class space    used 5536K, committed 6080K, reserved 1048576K
}
Event: 41.247 GC heap before
{Heap before GC invocations=36 (full 2):
 PSYoungGen      total 22528K, used 22400K [0x00000000d5580000, 0x00000000d6d00000, 0x0000000100000000)
  eden space 20992K, 100% used [0x00000000d5580000,0x00000000d6a00000,0x00000000d6a00000)
  from space 1536K, 91% used [0x00000000d6a00000,0x00000000d6b60000,0x00000000d6b80000)
  to   space 1536K, 0% used [0x00000000d6b80000,0x00000000d6b80000,0x00000000d6d00000)
 ParOldGen       total 68608K, used 56363K [0x0000000080000000, 0x0000000084300000, 0x00000000d5580000)
  object space 68608K, 82% used [0x0000000080000000,0x000000008370afd0,0x0000000084300000)
 Metaspace       used 52759K, committed 54080K, reserved 1114112K
  class space    used 5597K, committed 6144K, reserved 1048576K
}
Event: 41.249 GC heap after
{Heap after GC invocations=36 (full 2):
 PSYoungGen      total 22528K, used 840K [0x00000000d5580000, 0x00000000d6d00000, 0x0000000100000000)
  eden space 20992K, 0% used [0x00000000d5580000,0x00000000d5580000,0x00000000d6a00000)
  from space 1536K, 54% used [0x00000000d6b80000,0x00000000d6c523a8,0x00000000d6d00000)
  to   space 1536K, 0% used [0x00000000d6a00000,0x00000000d6a00000,0x00000000d6b80000)
 ParOldGen       total 68608K, used 57505K [0x0000000080000000, 0x0000000084300000, 0x00000000d5580000)
  object space 68608K, 83% used [0x0000000080000000,0x0000000083828778,0x0000000084300000)
 Metaspace       used 52759K, committed 54080K, reserved 1114112K
  class space    used 5597K, committed 6144K, reserved 1048576K
}
Event: 41.360 GC heap before
{Heap before GC invocations=37 (full 2):
 PSYoungGen      total 22528K, used 21832K [0x00000000d5580000, 0x00000000d6d00000, 0x0000000100000000)
  eden space 20992K, 100% used [0x00000000d5580000,0x00000000d6a00000,0x00000000d6a00000)
  from space 1536K, 54% used [0x00000000d6b80000,0x00000000d6c523a8,0x00000000d6d00000)
  to   space 1536K, 0% used [0x00000000d6a00000,0x00000000d6a00000,0x00000000d6b80000)
 ParOldGen       total 68608K, used 57505K [0x0000000080000000, 0x0000000084300000, 0x00000000d5580000)
  object space 68608K, 83% used [0x0000000080000000,0x0000000083828778,0x0000000084300000)
 Metaspace       used 52976K, committed 54272K, reserved 1114112K
  class space    used 5622K, committed 6208K, reserved 1048576K
}
Event: 41.362 GC heap after
{Heap after GC invocations=37 (full 2):
 PSYoungGen      total 22528K, used 996K [0x00000000d5580000, 0x00000000d6d00000, 0x0000000100000000)
  eden space 20992K, 0% used [0x00000000d5580000,0x00000000d5580000,0x00000000d6a00000)
  from space 1536K, 64% used [0x00000000d6a00000,0x00000000d6af9190,0x00000000d6b80000)
  to   space 1536K, 0% used [0x00000000d6b80000,0x00000000d6b80000,0x00000000d6d00000)
 ParOldGen       total 68608K, used 57973K [0x0000000080000000, 0x0000000084300000, 0x00000000d5580000)
  object space 68608K, 84% used [0x0000000080000000,0x000000008389d610,0x0000000084300000)
 Metaspace       used 52976K, committed 54272K, reserved 1114112K
  class space    used 5622K, committed 6208K, reserved 1048576K
}
Event: 41.422 GC heap before
{Heap before GC invocations=38 (full 2):
 PSYoungGen      total 22528K, used 21988K [0x00000000d5580000, 0x00000000d6d00000, 0x0000000100000000)
  eden space 20992K, 100% used [0x00000000d5580000,0x00000000d6a00000,0x00000000d6a00000)
  from space 1536K, 64% used [0x00000000d6a00000,0x00000000d6af9190,0x00000000d6b80000)
  to   space 1536K, 0% used [0x00000000d6b80000,0x00000000d6b80000,0x00000000d6d00000)
 ParOldGen       total 68608K, used 57973K [0x0000000080000000, 0x0000000084300000, 0x00000000d5580000)
  object space 68608K, 84% used [0x0000000080000000,0x000000008389d610,0x0000000084300000)
 Metaspace       used 53002K, committed 54336K, reserved 1114112K
  class space    used 5626K, committed 6208K, reserved 1048576K
}
Event: 41.424 GC heap after
{Heap after GC invocations=38 (full 2):
 PSYoungGen      total 22016K, used 1492K [0x00000000d5580000, 0x00000000d6e00000, 0x0000000100000000)
  eden space 20480K, 0% used [0x00000000d5580000,0x00000000d5580000,0x00000000d6980000)
  from space 1536K, 97% used [0x00000000d6b80000,0x00000000d6cf5090,0x00000000d6d00000)
  to   space 2048K, 0% used [0x00000000d6980000,0x00000000d6980000,0x00000000d6b80000)
 ParOldGen       total 68608K, used 58557K [0x0000000080000000, 0x0000000084300000, 0x00000000d5580000)
  object space 68608K, 85% used [0x0000000080000000,0x000000008392f610,0x0000000084300000)
 Metaspace       used 53002K, committed 54336K, reserved 1114112K
  class space    used 5626K, committed 6208K, reserved 1048576K
}
Event: 41.456 GC heap before
{Heap before GC invocations=39 (full 2):
 PSYoungGen      total 22016K, used 21972K [0x00000000d5580000, 0x00000000d6e00000, 0x0000000100000000)
  eden space 20480K, 100% used [0x00000000d5580000,0x00000000d6980000,0x00000000d6980000)
  from space 1536K, 97% used [0x00000000d6b80000,0x00000000d6cf5090,0x00000000d6d00000)
  to   space 2048K, 0% used [0x00000000d6980000,0x00000000d6980000,0x00000000d6b80000)
 ParOldGen       total 68608K, used 58557K [0x0000000080000000, 0x0000000084300000, 0x00000000d5580000)
  object space 68608K, 85% used [0x0000000080000000,0x000000008392f610,0x0000000084300000)
 Metaspace       used 53002K, committed 54336K, reserved 1114112K
  class space    used 5626K, committed 6208K, reserved 1048576K
}
Event: 41.457 GC heap after
{Heap after GC invocations=39 (full 2):
 PSYoungGen      total 21504K, used 576K [0x00000000d5580000, 0x00000000d6c00000, 0x0000000100000000)
  eden space 20480K, 0% used [0x00000000d5580000,0x00000000d5580000,0x00000000d6980000)
  from space 1024K, 56% used [0x00000000d6980000,0x00000000d6a10000,0x00000000d6a80000)
  to   space 1024K, 0% used [0x00000000d6b00000,0x00000000d6b00000,0x00000000d6c00000)
 ParOldGen       total 68608K, used 59826K [0x0000000080000000, 0x0000000084300000, 0x00000000d5580000)
  object space 68608K, 87% used [0x0000000080000000,0x0000000083a6c800,0x0000000084300000)
 Metaspace       used 53002K, committed 54336K, reserved 1114112K
  class space    used 5626K, committed 6208K, reserved 1048576K
}
Event: 41.503 GC heap before
{Heap before GC invocations=40 (full 2):
 PSYoungGen      total 21504K, used 21056K [0x00000000d5580000, 0x00000000d6c00000, 0x0000000100000000)
  eden space 20480K, 100% used [0x00000000d5580000,0x00000000d6980000,0x00000000d6980000)
  from space 1024K, 56% used [0x00000000d6980000,0x00000000d6a10000,0x00000000d6a80000)
  to   space 1024K, 0% used [0x00000000d6b00000,0x00000000d6b00000,0x00000000d6c00000)
 ParOldGen       total 68608K, used 59826K [0x0000000080000000, 0x0000000084300000, 0x00000000d5580000)
  object space 68608K, 87% used [0x0000000080000000,0x0000000083a6c800,0x0000000084300000)
 Metaspace       used 53017K, committed 54336K, reserved 1114112K
  class space    used 5626K, committed 6208K, reserved 1048576K
}
Event: 41.505 GC heap after
{Heap after GC invocations=40 (full 2):
 PSYoungGen      total 21504K, used 1004K [0x00000000d5580000, 0x00000000d6c80000, 0x0000000100000000)
  eden space 20480K, 0% used [0x00000000d5580000,0x00000000d5580000,0x00000000d6980000)
  from space 1024K, 98% used [0x00000000d6b00000,0x00000000d6bfb138,0x00000000d6c00000)
  to   space 1536K, 0% used [0x00000000d6980000,0x00000000d6980000,0x00000000d6b00000)
 ParOldGen       total 68608K, used 60202K [0x0000000080000000, 0x0000000084300000, 0x00000000d5580000)
  object space 68608K, 87% used [0x0000000080000000,0x0000000083aca800,0x0000000084300000)
 Metaspace       used 53017K, committed 54336K, reserved 1114112K
  class space    used 5626K, committed 6208K, reserved 1048576K
}
Event: 41.555 GC heap before
{Heap before GC invocations=41 (full 2):
 PSYoungGen      total 21504K, used 21484K [0x00000000d5580000, 0x00000000d6c80000, 0x0000000100000000)
  eden space 20480K, 100% used [0x00000000d5580000,0x00000000d6980000,0x00000000d6980000)
  from space 1024K, 98% used [0x00000000d6b00000,0x00000000d6bfb138,0x00000000d6c00000)
  to   space 1536K, 0% used [0x00000000d6980000,0x00000000d6980000,0x00000000d6b00000)
 ParOldGen       total 68608K, used 60202K [0x0000000080000000, 0x0000000084300000, 0x00000000d5580000)
  object space 68608K, 87% used [0x0000000080000000,0x0000000083aca800,0x0000000084300000)
 Metaspace       used 53039K, committed 54336K, reserved 1114112K
  class space    used 5626K, committed 6208K, reserved 1048576K
}
Event: 41.557 GC heap after
{Heap after GC invocations=41 (full 2):
 PSYoungGen      total 21504K, used 579K [0x00000000d5580000, 0x00000000d6b80000, 0x0000000100000000)
  eden space 20480K, 0% used [0x00000000d5580000,0x00000000d5580000,0x00000000d6980000)
  from space 1024K, 56% used [0x00000000d6980000,0x00000000d6a10df8,0x00000000d6a80000)
  to   space 1024K, 0% used [0x00000000d6a80000,0x00000000d6a80000,0x00000000d6b80000)
 ParOldGen       total 68608K, used 60944K [0x0000000080000000, 0x0000000084300000, 0x00000000d5580000)
  object space 68608K, 88% used [0x0000000080000000,0x0000000083b84270,0x0000000084300000)
 Metaspace       used 53039K, committed 54336K, reserved 1114112K
  class space    used 5626K, committed 6208K, reserved 1048576K
}
Event: 42.611 GC heap before
{Heap before GC invocations=42 (full 2):
 PSYoungGen      total 21504K, used 21059K [0x00000000d5580000, 0x00000000d6b80000, 0x0000000100000000)
  eden space 20480K, 100% used [0x00000000d5580000,0x00000000d6980000,0x00000000d6980000)
  from space 1024K, 56% used [0x00000000d6980000,0x00000000d6a10df8,0x00000000d6a80000)
  to   space 1024K, 0% used [0x00000000d6a80000,0x00000000d6a80000,0x00000000d6b80000)
 ParOldGen       total 68608K, used 60944K [0x0000000080000000, 0x0000000084300000, 0x00000000d5580000)
  object space 68608K, 88% used [0x0000000080000000,0x0000000083b84270,0x0000000084300000)
 Metaspace       used 53059K, committed 54336K, reserved 1114112K
  class space    used 5628K, committed 6208K, reserved 1048576K
}
Event: 42.612 GC heap after
{Heap after GC invocations=42 (full 2):
 PSYoungGen      total 21504K, used 607K [0x00000000d5580000, 0x00000000d6b80000, 0x0000000100000000)
  eden space 20480K, 0% used [0x00000000d5580000,0x00000000d5580000,0x00000000d6980000)
  from space 1024K, 59% used [0x00000000d6a80000,0x00000000d6b17c78,0x00000000d6b80000)
  to   space 1024K, 0% used [0x00000000d6980000,0x00000000d6980000,0x00000000d6a80000)
 ParOldGen       total 68608K, used 61056K [0x0000000080000000, 0x0000000084300000, 0x00000000d5580000)
  object space 68608K, 88% used [0x0000000080000000,0x0000000083ba0270,0x0000000084300000)
 Metaspace       used 53059K, committed 54336K, reserved 1114112K
  class space    used 5628K, committed 6208K, reserved 1048576K
}
Event: 44.665 GC heap before
{Heap before GC invocations=43 (full 2):
 PSYoungGen      total 21504K, used 21087K [0x00000000d5580000, 0x00000000d6b80000, 0x0000000100000000)
  eden space 20480K, 100% used [0x00000000d5580000,0x00000000d6980000,0x00000000d6980000)
  from space 1024K, 59% used [0x00000000d6a80000,0x00000000d6b17c78,0x00000000d6b80000)
  to   space 1024K, 0% used [0x00000000d6980000,0x00000000d6980000,0x00000000d6a80000)
 ParOldGen       total 68608K, used 61056K [0x0000000080000000, 0x0000000084300000, 0x00000000d5580000)
  object space 68608K, 88% used [0x0000000080000000,0x0000000083ba0270,0x0000000084300000)
 Metaspace       used 53068K, committed 54336K, reserved 1114112K
  class space    used 5629K, committed 6208K, reserved 1048576K
}
Event: 44.667 GC heap after
{Heap after GC invocations=43 (full 2):
 PSYoungGen      total 21504K, used 668K [0x00000000d5580000, 0x00000000d6b80000, 0x0000000100000000)
  eden space 20480K, 0% used [0x00000000d5580000,0x00000000d5580000,0x00000000d6980000)
  from space 1024K, 65% used [0x00000000d6980000,0x00000000d6a27190,0x00000000d6a80000)
  to   space 1024K, 0% used [0x00000000d6a80000,0x00000000d6a80000,0x00000000d6b80000)
 ParOldGen       total 68608K, used 61192K [0x0000000080000000, 0x0000000084300000, 0x00000000d5580000)
  object space 68608K, 89% used [0x0000000080000000,0x0000000083bc2270,0x0000000084300000)
 Metaspace       used 53068K, committed 54336K, reserved 1114112K
  class space    used 5629K, committed 6208K, reserved 1048576K
}

